\BOOKMARK [1][-]{section.1}{\376\377\000I\000n\000t\000r\000o\000d\000u\000c\000t\000i\000o\000n}{}% 1
\BOOKMARK [2][-]{subsection.1.1}{\376\377\000T\000h\000e\000\040\000P\000r\000o\000b\000l\000e\000m}{section.1}% 2
\BOOKMARK [2][-]{subsection.1.2}{\376\377\000W\000h\000a\000t\000\040\000I\000s\000\040\000N\000e\000w}{section.1}% 3
\BOOKMARK [2][-]{subsection.1.3}{\376\377\000S\000t\000r\000u\000c\000t\000u\000r\000e\000\040\000o\000f\000\040\000t\000h\000e\000\040\000P\000a\000p\000e\000r}{section.1}% 4
\BOOKMARK [1][-]{section.2}{\376\377\000T\000h\000e\000\040\000U\000n\000i\000v\000e\000r\000s\000a\000l\000\040\000T\000y\000p\000e\000\040\000a\000n\000d\000\040\000P\0004\000\040\000a\000s\000\040\000P\000r\000o\000h\000i\000b\000i\000t\000i\000o\000n}{}% 5
\BOOKMARK [2][-]{subsection.2.1}{\376\377\000R\000e\000a\000l\000P\000r\000o\000c\000e\000s\000s}{section.2}% 6
\BOOKMARK [2][-]{subsection.2.2}{\376\377\000P\0004\000\040\000a\000s\000\040\000P\000r\000o\000h\000i\000b\000i\000t\000i\000o\000n}{section.2}% 7
\BOOKMARK [1][-]{section.3}{\376\377\000P\000r\000o\000o\000f\000-\000T\000h\000e\000o\000r\000e\000t\000i\000c\000\040\000S\000t\000r\000e\000n\000g\000t\000h}{}% 8
\BOOKMARK [2][-]{subsection.3.1}{\376\377\000O\000r\000d\000i\000n\000a\000l\000s\000\040\000t\000o\000\040\0000}{section.3}% 9
\BOOKMARK [2][-]{subsection.3.2}{\376\377\000W\000e\000l\000l\000-\000F\000o\000u\000n\000d\000e\000d\000n\000e\000s\000s\000\040\000a\000s\000\040\000T\000h\000e\000o\000r\000e\000m}{section.3}% 10
\BOOKMARK [2][-]{subsection.3.3}{\376\377\000A\000T\000R\0000\000\040\000E\000l\000i\000m\000i\000n\000a\000t\000e\000d}{section.3}% 11
\BOOKMARK [2][-]{subsection.3.4}{\376\377\0001\0001\000\040\000C\000o\000l\000l\000a\000p\000s\000e\000d}{section.3}% 12
\BOOKMARK [2][-]{subsection.3.5}{\376\377\000P\000o\000s\000i\000t\000i\000o\000n\000\040\000i\000n\000\040\000t\000h\000e\000\040\000H\000i\000e\000r\000a\000r\000c\000h\000y}{section.3}% 13
\BOOKMARK [1][-]{section.4}{\376\377\000C\000l\000a\000s\000s\000i\000c\000a\000l\000\040\000T\000h\000e\000o\000r\000e\000m\000s\000\040\000a\000s\000\040\000P\000r\000o\000c\000e\000s\000s\000\040\000C\000o\000n\000s\000t\000r\000u\000c\000t\000i\000o\000n\000s}{}% 14
\BOOKMARK [2][-]{subsection.4.1}{\376\377\000I\000n\000t\000e\000r\000m\000e\000d\000i\000a\000t\000e\000\040\000V\000a\000l\000u\000e\000\040\000T\000h\000e\000o\000r\000e\000m}{section.4}% 15
\BOOKMARK [2][-]{subsection.4.2}{\376\377\000E\000x\000t\000r\000e\000m\000e\000\040\000V\000a\000l\000u\000e\000\040\000T\000h\000e\000o\000r\000e\000m}{section.4}% 16
\BOOKMARK [2][-]{subsection.4.3}{\376\377\000B\000o\000l\000z\000a\000n\000o\040\023\000W\000e\000i\000e\000r\000s\000t\000r\000a\000s\000s\000\040\000T\000h\000e\000o\000r\000e\000m}{section.4}% 17
\BOOKMARK [2][-]{subsection.4.4}{\376\377\000F\000u\000n\000d\000a\000m\000e\000n\000t\000a\000l\000\040\000T\000h\000e\000o\000r\000e\000m\000\040\000o\000f\000\040\000C\000a\000l\000c\000u\000l\000u\000s}{section.4}% 18
\BOOKMARK [2][-]{subsection.4.5}{\376\377\000M\000e\000a\000n\000\040\000V\000a\000l\000u\000e\000\040\000T\000h\000e\000o\000r\000e\000m}{section.4}% 19
\BOOKMARK [2][-]{subsection.4.6}{\376\377\000T\000a\000y\000l\000o\000r\000'\000s\000\040\000T\000h\000e\000o\000r\000e\000m}{section.4}% 20
\BOOKMARK [2][-]{subsection.4.7}{\376\377\000P\000i\000c\000a\000r\000d\040\023\000L\000i\000n\000d\000e\000l\000\366\000f\000\040\000T\000h\000e\000o\000r\000e\000m}{section.4}% 21
\BOOKMARK [2][-]{subsection.4.8}{\376\377\000T\000h\000e\000\040\000U\000n\000i\000f\000i\000e\000d\000\040\000P\000a\000t\000t\000e\000r\000n}{section.4}% 22
\BOOKMARK [1][-]{section.5}{\376\377\000P\000r\000o\000c\000e\000s\000s\000\040\000C\000o\000m\000p\000l\000e\000t\000e\000n\000e\000s\000s}{}% 23
\BOOKMARK [2][-]{subsection.5.1}{\376\377\000M\000e\000t\000r\000i\000c\000\040\000o\000n\000\040\000R\000e\000a\000l\000P\000r\000o\000c\000e\000s\000s}{section.5}% 24
\BOOKMARK [2][-]{subsection.5.2}{\376\377\000D\000i\000a\000g\000o\000n\000a\000l\000\040\000L\000i\000m\000i\000t\000\040\000C\000o\000n\000s\000t\000r\000u\000c\000t\000i\000o\000n}{section.5}% 25
\BOOKMARK [2][-]{subsection.5.3}{\376\377\000G\000e\000n\000P\000r\000o\000c\000e\000s\000s\000:\000\040\000O\000b\000s\000e\000r\000v\000a\000b\000l\000e\000\040\000S\000t\000r\000e\000a\000m\000s}{section.5}% 26
\BOOKMARK [1][-]{section.6}{\376\377\000C\000o\000v\000e\000r\000a\000g\000e\000\040\000o\000f\000\040\000W\000i\000e\000d\000i\000j\000k\000'\000s\000\040\0001\0000\0000\000\040\000T\000h\000e\000o\000r\000e\000m\000s}{}% 27
\BOOKMARK [1][-]{section.7}{\376\377\000F\000o\000u\000r\000i\000e\000r\000\040\000A\000n\000a\000l\000y\000s\000i\000s\000\040\000O\000v\000e\000r\000\040\000Q}{}% 28
\BOOKMARK [2][-]{subsection.7.1}{\376\377\000D\000F\000T\000\040\000o\000n\000\040\000C\000y\000c\000l\000e\000\040\000G\000r\000a\000p\000h}{section.7}% 29
\BOOKMARK [2][-]{subsection.7.2}{\376\377\000P\000a\000r\000s\000e\000v\000a\000l\000\040\000T\000h\000e\000o\000r\000e\000m\000\040\000\050\000E\000x\000a\000c\000t\000\051}{section.7}% 30
\BOOKMARK [2][-]{subsection.7.3}{\376\377\000F\000o\000u\000r\000i\000e\000r\000\040\000a\000s\000\040\000P\000r\000o\000c\000e\000s\000s}{section.7}% 31
\BOOKMARK [2][-]{subsection.7.4}{\376\377\000C\000o\000n\000n\000e\000c\000t\000i\000o\000n\000\040\000t\000o\000\040\000C\000a\000y\000l\000e\000y\000\040\000T\000r\000a\000n\000s\000f\000o\000r\000m}{section.7}% 32
\BOOKMARK [1][-]{section.8}{\376\377\000T\000h\000r\000e\000e\000\040\000E\000/\000R\000/\000R\000\040\000F\000o\000r\000m\000u\000l\000a\000s\000\040\000f\000o\000r\000\040\000P\000h\000y\000s\000i\000c\000s}{}% 33
\BOOKMARK [2][-]{subsection.8.1}{\376\377\000T\000h\000e\000\040\000T\000h\000r\000e\000e\000\040\000F\000o\000r\000m\000u\000l\000a\000s}{section.8}% 34
\BOOKMARK [2][-]{subsection.8.2}{\376\377\000S\000e\000v\000e\000n\000\040\000I\000n\000s\000t\000a\000n\000t\000i\000a\000t\000i\000o\000n\000s}{section.8}% 35
\BOOKMARK [2][-]{subsection.8.3}{\376\377\0002\000W\000\040\000=\000\040\0003\000/\0001\0003\000:\000\040\000Z\000e\000r\000o\000\040\000F\000r\000e\000e\000\040\000P\000a\000r\000a\000m\000e\000t\000e\000r\000s}{section.8}% 36
\BOOKMARK [1][-]{section.9}{\376\377\000T\000h\000e\000\040\000C\000r\000o\000w\000n\000\040\000J\000e\000w\000e\000l\000:\000\040\000B\000o\000r\000n\000\040\000=\000\040\000P\000a\000r\000s\000e\000v\000a\000l\000\040\000a\000n\000d\000\040\000-\000U\000n\000i\000f\000i\000c\000a\000t\000i\000o\000n}{}% 37
\BOOKMARK [2][-]{subsection.9.1}{\376\377\000B\000o\000r\000n\000\040\000R\000u\000l\000e\000\040\000I\000S\000\040\000P\000a\000r\000s\000e\000v\000a\000l\000\040\000T\000h\000e\000o\000r\000e\000m}{section.9}% 38
\BOOKMARK [2][-]{subsection.9.2}{\376\377\000-\000U\000n\000i\000f\000i\000c\000a\000t\000i\000o\000n}{section.9}% 39
\BOOKMARK [1][-]{section.10}{\376\377\000V\000e\000r\000i\000f\000i\000e\000d\000\040\000D\000a\000t\000a\000\040\000C\000o\000m\000p\000r\000e\000s\000s\000i\000o\000n}{}% 40
\BOOKMARK [2][-]{subsection.10.1}{\376\377\000P\000i\000p\000e\000l\000i\000n\000e}{section.10}% 41
\BOOKMARK [2][-]{subsection.10.2}{\376\377\000G\000r\000a\000p\000h\000\040\000F\000o\000u\000r\000i\000e\000r\000\040\000T\000r\000a\000n\000s\000f\000o\000r\000m\000\040\000\050\000G\000F\000T\000\051}{section.10}% 42
\BOOKMARK [2][-]{subsection.10.3}{\376\377\000R\000e\000s\000u\000l\000t\000s\000:\000\040\0003\0000\0000\040\023\0006\0000\0000\000\040\000C\000o\000m\000p\000r\000e\000s\000s\000i\000o\000n\000\040\000o\000n\000\040\000I\000o\000T}{section.10}% 43
\BOOKMARK [1][-]{section.11}{\376\377\000P\000r\000o\000c\000e\000s\000s\000\040\000M\000a\000s\000s\000\040\000G\000a\000p}{}% 44
\BOOKMARK [2][-]{subsection.11.1}{\376\377\000P\000M\000G\000\040\000C\000r\000i\000t\000e\000r\000i\000o\000n}{section.11}% 45
\BOOKMARK [2][-]{subsection.11.2}{\376\377\000S\000U\000\050\0002\000\051\000\040\000a\000t\000\040\000=\000\040\0001}{section.11}% 46
\BOOKMARK [1][-]{section.12}{\376\377\000W\000h\000a\000t\000\040\000S\000u\000r\000v\000i\000v\000e\000s\000,\000\040\000W\000h\000a\000t\000\040\000C\000h\000a\000n\000g\000e\000s}{}% 47
\BOOKMARK [2][-]{subsection.12.1}{\376\377\000W\000h\000a\000t\000\040\000S\000u\000r\000v\000i\000v\000e\000s}{section.12}% 48
\BOOKMARK [2][-]{subsection.12.2}{\376\377\000W\000h\000a\000t\000\040\000I\000s\000\040\000L\000o\000s\000t}{section.12}% 49
\BOOKMARK [2][-]{subsection.12.3}{\376\377\000W\000h\000a\000t\000\040\000I\000s\000\040\000G\000a\000i\000n\000e\000d}{section.12}% 50
\BOOKMARK [1][-]{section.13}{\376\377\000F\000o\000r\000m\000a\000l\000i\000z\000a\000t\000i\000o\000n\000\040\000S\000t\000a\000t\000i\000s\000t\000i\000c\000s}{}% 51
\BOOKMARK [1][-]{section.14}{\376\377\000C\000o\000n\000c\000l\000u\000s\000i\000o\000n}{}% 52
